Using pre-set license
Built from '2022.3/staging' branch; Version is '2022.3.7f1 (b16b3b16c7a0) revision 11627323'; Using compiler version '192829333'; Build Type 'Release'
OS: 'Windows 10  (10.0.19045) 64bit Professional' Language: 'es' Physical Memory: 64662 MB
BatchMode: 1, IsHumanControllingUs: 0, StartBugReporterOnCrash: 0, Is64bit: 1, IsPro: 1

COMMAND LINE ARGUMENTS:
C:\Program Files\Unity\Hub\Editor\2022.3.7f1\Editor\Unity.exe
-adb2
-batchMode
-noUpm
-name
AssetImportWorker5
-projectPath
C:/Users/teamo/Documents/GitHub/MarioKart-Drift
-logFile
Logs/AssetImportWorker5.log
-srvPort
63424
Successfully changed project path to: C:/Users/teamo/Documents/GitHub/MarioKart-Drift
C:/Users/teamo/Documents/GitHub/MarioKart-Drift
[UnityMemory] Configuration Parameters - Can be set up in boot.config
    "memorysetup-bucket-allocator-granularity=16"
    "memorysetup-bucket-allocator-bucket-count=8"
    "memorysetup-bucket-allocator-block-size=33554432"
    "memorysetup-bucket-allocator-block-count=8"
    "memorysetup-main-allocator-block-size=16777216"
    "memorysetup-thread-allocator-block-size=16777216"
    "memorysetup-gfx-main-allocator-block-size=16777216"
    "memorysetup-gfx-thread-allocator-block-size=16777216"
    "memorysetup-cache-allocator-block-size=4194304"
    "memorysetup-typetree-allocator-block-size=2097152"
    "memorysetup-profiler-bucket-allocator-granularity=16"
    "memorysetup-profiler-bucket-allocator-bucket-count=8"
    "memorysetup-profiler-bucket-allocator-block-size=33554432"
    "memorysetup-profiler-bucket-allocator-block-count=8"
    "memorysetup-profiler-allocator-block-size=16777216"
    "memorysetup-profiler-editor-allocator-block-size=1048576"
    "memorysetup-temp-allocator-size-main=16777216"
    "memorysetup-job-temp-allocator-block-size=2097152"
    "memorysetup-job-temp-allocator-block-size-background=1048576"
    "memorysetup-job-temp-allocator-reduction-small-platforms=262144"
    "memorysetup-allocator-temp-initial-block-size-main=262144"
    "memorysetup-allocator-temp-initial-block-size-worker=262144"
    "memorysetup-temp-allocator-size-background-worker=32768"
    "memorysetup-temp-allocator-size-job-worker=262144"
    "memorysetup-temp-allocator-size-preload-manager=33554432"
    "memorysetup-temp-allocator-size-nav-mesh-worker=65536"
    "memorysetup-temp-allocator-size-audio-worker=65536"
    "memorysetup-temp-allocator-size-cloud-worker=32768"
    "memorysetup-temp-allocator-size-gi-baking-worker=262144"
    "memorysetup-temp-allocator-size-gfx=262144"
Player connection [12656] Host "[IP] 192.168.11.16 [Port] 0 [Flags] 2 [Guid] 1092951016 [EditorId] 1092951016 [Version] 1048832 [Id] WindowsEditor(7,LAB807-024) [Debug] 1 [PackageName] WindowsEditor [ProjectName] Editor" joined multi-casting on [225.0.0.222:54997]...

Player connection [12656] Host "[IP] 192.168.11.16 [Port] 0 [Flags] 2 [Guid] 1092951016 [EditorId] 1092951016 [Version] 1048832 [Id] WindowsEditor(7,LAB807-024) [Debug] 1 [PackageName] WindowsEditor [ProjectName] Editor" joined alternative multi-casting on [225.0.0.222:34997]...

Refreshing native plugins compatible for Editor in 10.02 ms, found 2 plugins.
Preloading 0 native plugins for Editor in 0.00 ms.
Initialize engine version: 2022.3.7f1 (b16b3b16c7a0)
[Subsystems] Discovering subsystems at path C:/Program Files/Unity/Hub/Editor/2022.3.7f1/Editor/Data/Resources/UnitySubsystems
[Subsystems] Discovering subsystems at path C:/Users/teamo/Documents/GitHub/MarioKart-Drift/Assets
GfxDevice: creating device client; threaded=0; jobified=0
Direct3D:
    Version:  Direct3D 11.0 [level 11.1]
    Renderer: NVIDIA GeForce RTX 3060 Ti (ID=0x2489)
    Vendor:   NVIDIA
    VRAM:     8038 MB
    Driver:   31.0.15.3623
Initialize mono
Mono path[0] = 'C:/Program Files/Unity/Hub/Editor/2022.3.7f1/Editor/Data/Managed'
Mono path[1] = 'C:/Program Files/Unity/Hub/Editor/2022.3.7f1/Editor/Data/MonoBleedingEdge/lib/mono/unityjit-win32'
Mono config path = 'C:/Program Files/Unity/Hub/Editor/2022.3.7f1/Editor/Data/MonoBleedingEdge/etc'
Using monoOptions --debugger-agent=transport=dt_socket,embedding=1,server=y,suspend=n,address=127.0.0.1:56352
Begin MonoManager ReloadAssembly
Registering precompiled unity dll's ...
Register platform support module: C:/Program Files/Unity/Hub/Editor/2022.3.7f1/Editor/Data/PlaybackEngines/AndroidPlayer/UnityEditor.Android.Extensions.dll
Register platform support module: C:/Program Files/Unity/Hub/Editor/2022.3.7f1/Editor/Data/PlaybackEngines/WindowsStandaloneSupport/UnityEditor.WindowsStandalone.Extensions.dll
Register platform support module: C:/Program Files/Unity/Hub/Editor/2022.3.7f1/Editor/Data/PlaybackEngines/MetroSupport/UnityEditor.UWP.Extensions.dll
Registered in 0.007877 seconds.
- Loaded All Assemblies, in  0.205 seconds
Native extension for UWP target not found
Native extension for WindowsStandalone target not found
Native extension for Android target not found
Android Extension - Scanning For ADB Devices 176 ms
Mono: successfully reloaded assembly
- Finished resetting the current domain, in  0.350 seconds
Domain Reload Profiling: 554ms
	BeginReloadAssembly (59ms)
		ExecutionOrderSort (0ms)
		DisableScriptedObjects (0ms)
		BackupInstance (0ms)
		ReleaseScriptingObjects (0ms)
		CreateAndSetChildDomain (0ms)
	RebuildCommonClasses (19ms)
	RebuildNativeTypeToScriptingClass (6ms)
	initialDomainReloadingComplete (36ms)
	LoadAllAssembliesAndSetupDomain (84ms)
		LoadAssemblies (58ms)
		RebuildTransferFunctionScriptingTraits (0ms)
		AnalyzeDomain (83ms)
			TypeCache.Refresh (82ms)
				TypeCache.ScanAssembly (74ms)
			ScanForSourceGeneratedMonoScriptInfo (0ms)
			ResolveRequiredComponents (0ms)
	FinalizeReload (350ms)
		ReleaseScriptCaches (0ms)
		RebuildScriptCaches (0ms)
		SetupLoadedEditorAssemblies (320ms)
			LogAssemblyErrors (0ms)
			InitializePlatformSupportModulesInManaged (240ms)
			SetLoadedEditorAssemblies (2ms)
			RefreshPlugins (0ms)
			BeforeProcessingInitializeOnLoad (1ms)
			ProcessInitializeOnLoadAttributes (53ms)
			ProcessInitializeOnLoadMethodAttributes (24ms)
			AfterProcessingInitializeOnLoad (0ms)
			EditorAssembliesLoaded (0ms)
		ExecutionOrderSort2 (0ms)
		AwakeInstancesAfterBackupRestoration (0ms)
========================================================================
Worker process is ready to serve import requests
Begin MonoManager ReloadAssembly
Symbol file LoadedFromMemory is not a mono symbol file
- Loaded All Assemblies, in  0.411 seconds
Refreshing native plugins compatible for Editor in 5.48 ms, found 2 plugins.
Native extension for UWP target not found
Native extension for WindowsStandalone target not found
Native extension for Android target not found
Mono: successfully reloaded assembly
- Finished resetting the current domain, in  0.446 seconds
Domain Reload Profiling: 855ms
	BeginReloadAssembly (85ms)
		ExecutionOrderSort (0ms)
		DisableScriptedObjects (3ms)
		BackupInstance (0ms)
		ReleaseScriptingObjects (0ms)
		CreateAndSetChildDomain (16ms)
	RebuildCommonClasses (19ms)
	RebuildNativeTypeToScriptingClass (6ms)
	initialDomainReloadingComplete (24ms)
	LoadAllAssembliesAndSetupDomain (274ms)
		LoadAssemblies (204ms)
		RebuildTransferFunctionScriptingTraits (0ms)
		AnalyzeDomain (118ms)
			TypeCache.Refresh (93ms)
				TypeCache.ScanAssembly (81ms)
			ScanForSourceGeneratedMonoScriptInfo (16ms)
			ResolveRequiredComponents (7ms)
	FinalizeReload (447ms)
		ReleaseScriptCaches (0ms)
		RebuildScriptCaches (0ms)
		SetupLoadedEditorAssemblies (354ms)
			LogAssemblyErrors (0ms)
			InitializePlatformSupportModulesInManaged (15ms)
			SetLoadedEditorAssemblies (2ms)
			RefreshPlugins (0ms)
			BeforeProcessingInitializeOnLoad (53ms)
			ProcessInitializeOnLoadAttributes (159ms)
			ProcessInitializeOnLoadMethodAttributes (121ms)
			AfterProcessingInitializeOnLoad (4ms)
			EditorAssembliesLoaded (0ms)
		ExecutionOrderSort2 (0ms)
		AwakeInstancesAfterBackupRestoration (3ms)
Launched and connected shader compiler UnityShaderCompiler.exe after 0.03 seconds
Refreshing native plugins compatible for Editor in 6.12 ms, found 2 plugins.
Preloading 0 native plugins for Editor in 0.00 ms.
Unloading 4684 Unused Serialized files (Serialized files now loaded: 0)
Unloading 125 unused Assets / (2.1 MB). Loaded Objects now: 5115.
Memory consumption went from 193.4 MB to 191.4 MB.
Total: 6.005200 ms (FindLiveObjects: 0.454100 ms CreateObjectMapping: 0.239300 ms MarkObjects: 4.805800 ms  DeleteObjects: 0.505400 ms)

AssetImportParameters requested are different than current active one (requested -> active):
  custom:container-demuxer-ogg: 62fdf1f143b41e24485cea50d1cbac27 -> 
  custom:video-decoder-ogg-theora: a1e56fd34408186e4bbccfd4996cb3dc -> 
  custom:framework-win-MediaFoundation: 216162199b28c13a410421893ffa2e32 -> 
  custom:CustomObjectIndexerAttribute: d54d2f2da18e7612c182cf67624b6b12 -> 
  custom:container-demuxer-webm: 4f35f7cbe854078d1ac9338744f61a02 -> 
  custom:container-muxer-webm: aa71ff27fc2769a1b78a27578f13a17b -> 
  custom:video-decoder-webm-vp8: 9c59270c3fd7afecdb556c50c9e8de78 -> 
  custom:SearchIndexIgnoredProperties: e643bd26f0fe6173181afceb89e7c659 -> 
  custom:AudioImporter_EditorPlatform: d09bf68614088b80899f8185d706f6e7 -> 
  custom:video-encoder-webm-vp8: eb34c28f22e8b96e1ab97ce403110664 -> 
  custom:audio-decoder-ogg-vorbis: bf7c407c2cedff20999df2af8eb42d56 -> 
  custom:audio-encoder-webm-vorbis: bf7c407c2cedff20999df2af8eb42d56 -> 
========================================================================
Received Prepare
Switching render pipeline 00000000000000000000000000000000 -> e6702cffb573ea14fa7c650f0a497c95
Refreshing native plugins compatible for Editor in 5.73 ms, found 2 plugins.
Preloading 0 native plugins for Editor in 0.00 ms.
Unloading 66 Unused Serialized files (Serialized files now loaded: 0)
Unloading 19 unused Assets / (2.0 MB). Loaded Objects now: 5163.
Memory consumption went from 102.5 MB to 100.4 MB.
Total: 5.854900 ms (FindLiveObjects: 0.297000 ms CreateObjectMapping: 0.094500 ms MarkObjects: 4.997700 ms  DeleteObjects: 0.465300 ms)

Prepare: number of updated asset objects reloaded= 0
AssetImportParameters requested are different than current active one (requested -> active):
  custom:container-demuxer-ogg: 62fdf1f143b41e24485cea50d1cbac27 -> 
  custom:video-decoder-ogg-theora: a1e56fd34408186e4bbccfd4996cb3dc -> 
  custom:framework-win-MediaFoundation: 216162199b28c13a410421893ffa2e32 -> 
  custom:CustomObjectIndexerAttribute: d54d2f2da18e7612c182cf67624b6b12 -> 
  custom:container-demuxer-webm: 4f35f7cbe854078d1ac9338744f61a02 -> 
  custom:container-muxer-webm: aa71ff27fc2769a1b78a27578f13a17b -> 
  custom:video-decoder-webm-vp8: 9c59270c3fd7afecdb556c50c9e8de78 -> 
  custom:SearchIndexIgnoredProperties: e643bd26f0fe6173181afceb89e7c659 -> 
  custom:AudioImporter_EditorPlatform: d09bf68614088b80899f8185d706f6e7 -> 
  custom:video-encoder-webm-vp8: eb34c28f22e8b96e1ab97ce403110664 -> 
  custom:audio-decoder-ogg-vorbis: bf7c407c2cedff20999df2af8eb42d56 -> 
  custom:audio-encoder-webm-vorbis: bf7c407c2cedff20999df2af8eb42d56 -> 
========================================================================
Received Prepare
Refreshing native plugins compatible for Editor in 5.34 ms, found 2 plugins.
Preloading 0 native plugins for Editor in 0.00 ms.
Unloading 29 Unused Serialized files (Serialized files now loaded: 0)
Unloading 15 unused Assets / (1.6 MB). Loaded Objects now: 5179.
Memory consumption went from 105.2 MB to 103.6 MB.
Total: 5.077000 ms (FindLiveObjects: 0.317100 ms CreateObjectMapping: 0.062700 ms MarkObjects: 4.358700 ms  DeleteObjects: 0.337500 ms)

Prepare: number of updated asset objects reloaded= 1
AssetImportParameters requested are different than current active one (requested -> active):
  custom:container-demuxer-ogg: 62fdf1f143b41e24485cea50d1cbac27 -> 
  custom:video-decoder-ogg-theora: a1e56fd34408186e4bbccfd4996cb3dc -> 
  custom:framework-win-MediaFoundation: 216162199b28c13a410421893ffa2e32 -> 
  custom:CustomObjectIndexerAttribute: d54d2f2da18e7612c182cf67624b6b12 -> 
  custom:container-demuxer-webm: 4f35f7cbe854078d1ac9338744f61a02 -> 
  custom:container-muxer-webm: aa71ff27fc2769a1b78a27578f13a17b -> 
  custom:video-decoder-webm-vp8: 9c59270c3fd7afecdb556c50c9e8de78 -> 
  custom:SearchIndexIgnoredProperties: e643bd26f0fe6173181afceb89e7c659 -> 
  custom:AudioImporter_EditorPlatform: d09bf68614088b80899f8185d706f6e7 -> 
  custom:video-encoder-webm-vp8: eb34c28f22e8b96e1ab97ce403110664 -> 
  custom:audio-decoder-ogg-vorbis: bf7c407c2cedff20999df2af8eb42d56 -> 
  custom:audio-encoder-webm-vorbis: bf7c407c2cedff20999df2af8eb42d56 -> 
========================================================================
Received Import Request.
  Time since last request: 424529.453256 seconds.
  path: Assets/Models/FBX format/flagCheckersSmall.fbx
  artifactKey: Guid(71e528db52593d140b3146b7deda2e15) Importer(2089858483,0ecaa5967403d082aa24f35e1b516d23)
Start importing Assets/Models/FBX format/flagCheckersSmall.fbx using Guid(71e528db52593d140b3146b7deda2e15) Importer(2089858483,0ecaa5967403d082aa24f35e1b516d23) Generated GUIDs only implemented for interfaces!
 -> (artifact id: '786474dcf01a61afc97fc5e7e023fe1b') in 0.155736 seconds
Number of updated asset objects reloaded before import = 0
Number of asset objects unloaded after import = 12
========================================================================
Received Import Request.
  Time since last request: 0.000015 seconds.
  path: Assets/Models/FBX format/roadCornerBridgeLarger.fbx
  artifactKey: Guid(f07a16727a9b6734ca6960bc016dbddd) Importer(2089858483,0ecaa5967403d082aa24f35e1b516d23)
Start importing Assets/Models/FBX format/roadCornerBridgeLarger.fbx using Guid(f07a16727a9b6734ca6960bc016dbddd) Importer(2089858483,0ecaa5967403d082aa24f35e1b516d23) Generated GUIDs only implemented for interfaces!
 -> (artifact id: '9dd7cccce99f901ac3121d8a8aaa7905') in 0.016677 seconds
Number of updated asset objects reloaded before import = 0
Number of asset objects unloaded after import = 10
========================================================================
Received Import Request.
  Time since last request: 0.000022 seconds.
  path: Assets/Models/FBX format/roadStraight.fbx
  artifactKey: Guid(3c84078638392234aa762635b17211d0) Importer(2089858483,0ecaa5967403d082aa24f35e1b516d23)
Start importing Assets/Models/FBX format/roadStraight.fbx using Guid(3c84078638392234aa762635b17211d0) Importer(2089858483,0ecaa5967403d082aa24f35e1b516d23) Generated GUIDs only implemented for interfaces!
 -> (artifact id: '6f89f3e9c032b2e4d46ae122b39c0eac') in 0.028030 seconds
Number of updated asset objects reloaded before import = 0
Number of asset objects unloaded after import = 10
========================================================================
Received Import Request.
  Time since last request: 0.000014 seconds.
  path: Assets/Models/FBX format/roadEnd.fbx
  artifactKey: Guid(e8d8a533c5a480c4d8b83f15edf62907) Importer(2089858483,0ecaa5967403d082aa24f35e1b516d23)
Start importing Assets/Models/FBX format/roadEnd.fbx using Guid(e8d8a533c5a480c4d8b83f15edf62907) Importer(2089858483,0ecaa5967403d082aa24f35e1b516d23) Generated GUIDs only implemented for interfaces!
 -> (artifact id: '7d4474458d4e4aa4d425c83b4c21e4ca') in 0.014944 seconds
Number of updated asset objects reloaded before import = 0
Number of asset objects unloaded after import = 10
========================================================================
Received Import Request.
  Time since last request: 0.000016 seconds.
  path: Assets/Models/FBX format/tentLong.fbx
  artifactKey: Guid(62497267921a1944e824e368f6de53f9) Importer(2089858483,0ecaa5967403d082aa24f35e1b516d23)
Start importing Assets/Models/FBX format/tentLong.fbx using Guid(62497267921a1944e824e368f6de53f9) Importer(2089858483,0ecaa5967403d082aa24f35e1b516d23) Generated GUIDs only implemented for interfaces!
 -> (artifact id: '639ab8f753c8e5c51d5816ca9b0d27d8') in 0.015279 seconds
Number of updated asset objects reloaded before import = 0
Number of asset objects unloaded after import = 9
========================================================================
Received Import Request.
  Time since last request: 0.000012 seconds.
  path: Assets/Models/FBX format/roadSplitLarger.fbx
  artifactKey: Guid(f06e7149a47f8d247b599b81c1fdaa57) Importer(2089858483,0ecaa5967403d082aa24f35e1b516d23)
Start importing Assets/Models/FBX format/roadSplitLarger.fbx using Guid(f06e7149a47f8d247b599b81c1fdaa57) Importer(2089858483,0ecaa5967403d082aa24f35e1b516d23) Generated GUIDs only implemented for interfaces!
 -> (artifact id: '9cc142d52dfe4a7e91f5c18dc13bafea') in 0.027894 seconds
Number of updated asset objects reloaded before import = 0
Number of asset objects unloaded after import = 10
========================================================================
Received Import Request.
  Time since last request: 0.000017 seconds.
  path: Assets/Models/FBX format/barrierWhite.fbx
  artifactKey: Guid(6a0b05040b6478241bf77d5103eb6494) Importer(2089858483,0ecaa5967403d082aa24f35e1b516d23)
Start importing Assets/Models/FBX format/barrierWhite.fbx using Guid(6a0b05040b6478241bf77d5103eb6494) Importer(2089858483,0ecaa5967403d082aa24f35e1b516d23) Generated GUIDs only implemented for interfaces!
 -> (artifact id: '9537aaf09e11c402e2c6ac0c332dd176') in 0.014105 seconds
Number of updated asset objects reloaded before import = 0
Number of asset objects unloaded after import = 8
========================================================================
Received Import Request.
  Time since last request: 0.000019 seconds.
  path: Assets/Models/FBX format/tentClosedLong.fbx
  artifactKey: Guid(92b4f409716e2284ebf8a7eef8bc15c9) Importer(2089858483,0ecaa5967403d082aa24f35e1b516d23)
Start importing Assets/Models/FBX format/tentClosedLong.fbx using Guid(92b4f409716e2284ebf8a7eef8bc15c9) Importer(2089858483,0ecaa5967403d082aa24f35e1b516d23) Generated GUIDs only implemented for interfaces!
 -> (artifact id: '4e3ba81554f3dec812951ab67dd260df') in 0.026919 seconds
Number of updated asset objects reloaded before import = 0
Number of asset objects unloaded after import = 9
========================================================================
Received Import Request.
  Time since last request: 0.000013 seconds.
  path: Assets/Models/FBX format/roadCornerLargerSandInner.fbx
  artifactKey: Guid(7e1c28aa6e6ce6a43bb263783833e33a) Importer(2089858483,0ecaa5967403d082aa24f35e1b516d23)
Start importing Assets/Models/FBX format/roadCornerLargerSandInner.fbx using Guid(7e1c28aa6e6ce6a43bb263783833e33a) Importer(2089858483,0ecaa5967403d082aa24f35e1b516d23) Generated GUIDs only implemented for interfaces!
 -> (artifact id: '5eb1eb919adad4d323c3d97151038df3') in 0.014031 seconds
Number of updated asset objects reloaded before import = 0
Number of asset objects unloaded after import = 8
========================================================================
Received Import Request.
  Time since last request: 0.000011 seconds.
  path: Assets/Models/FBX format/roadPitStraight.fbx
  artifactKey: Guid(a978caf897c303f43a8c3ae2ece7d3df) Importer(2089858483,0ecaa5967403d082aa24f35e1b516d23)
Start importing Assets/Models/FBX format/roadPitStraight.fbx using Guid(a978caf897c303f43a8c3ae2ece7d3df) Importer(2089858483,0ecaa5967403d082aa24f35e1b516d23) Generated GUIDs only implemented for interfaces!
 -> (artifact id: '5a208909db235f7b958650bd881b1e1d') in 0.027237 seconds
Number of updated asset objects reloaded before import = 0
Number of asset objects unloaded after import = 10
========================================================================
Received Import Request.
  Time since last request: 0.000014 seconds.
  path: Assets/Models/FBX format/railDouble.fbx
  artifactKey: Guid(e8f85416dbda09140beed997322a7372) Importer(2089858483,0ecaa5967403d082aa24f35e1b516d23)
Start importing Assets/Models/FBX format/railDouble.fbx using Guid(e8f85416dbda09140beed997322a7372) Importer(2089858483,0ecaa5967403d082aa24f35e1b516d23) Generated GUIDs only implemented for interfaces!
 -> (artifact id: '5586d7e84d0301b6fbfe211d1801aa79') in 0.013499 seconds
Number of updated asset objects reloaded before import = 0
Number of asset objects unloaded after import = 8
========================================================================
Received Import Request.
  Time since last request: 0.000017 seconds.
  path: Assets/Models/FBX format/ramp.fbx
  artifactKey: Guid(b5a1d60178a9b3540bead4bacc51bc3d) Importer(2089858483,0ecaa5967403d082aa24f35e1b516d23)
Start importing Assets/Models/FBX format/ramp.fbx using Guid(b5a1d60178a9b3540bead4bacc51bc3d) Importer(2089858483,0ecaa5967403d082aa24f35e1b516d23) Generated GUIDs only implemented for interfaces!
 -> (artifact id: '9f03c406893e3465a61384dfd7fbaf07') in 0.014223 seconds
Number of updated asset objects reloaded before import = 0
Number of asset objects unloaded after import = 9
========================================================================
Received Import Request.
  Time since last request: 0.000011 seconds.
  path: Assets/Models/FBX format/radarEquipment.fbx
  artifactKey: Guid(3752062c93d4ac94aa86990ccf2e3dba) Importer(2089858483,0ecaa5967403d082aa24f35e1b516d23)
Start importing Assets/Models/FBX format/radarEquipment.fbx using Guid(3752062c93d4ac94aa86990ccf2e3dba) Importer(2089858483,0ecaa5967403d082aa24f35e1b516d23) Generated GUIDs only implemented for interfaces!
 -> (artifact id: '2cd4a264153712bf5db6a2191a6e921f') in 0.025671 seconds
Number of updated asset objects reloaded before import = 0
Number of asset objects unloaded after import = 9
========================================================================
Received Import Request.
  Time since last request: 0.000011 seconds.
  path: Assets/Models/FBX format/roadPitGarage.fbx
  artifactKey: Guid(a0c740a6dcc1c4240ba670b3cfe35ed4) Importer(2089858483,0ecaa5967403d082aa24f35e1b516d23)
Start importing Assets/Models/FBX format/roadPitGarage.fbx using Guid(a0c740a6dcc1c4240ba670b3cfe35ed4) Importer(2089858483,0ecaa5967403d082aa24f35e1b516d23) Generated GUIDs only implemented for interfaces!
 -> (artifact id: '64d63ed32afbbe00a7ae03bda33693ea') in 0.018218 seconds
Number of updated asset objects reloaded before import = 0
Number of asset objects unloaded after import = 10
========================================================================
Received Import Request.
  Time since last request: 0.000012 seconds.
  path: Assets/Models/FBX format/fenceStraight.fbx
  artifactKey: Guid(5ecc4577a408aef4bbd7e7091bb2dfee) Importer(2089858483,0ecaa5967403d082aa24f35e1b516d23)
Start importing Assets/Models/FBX format/fenceStraight.fbx using Guid(5ecc4577a408aef4bbd7e7091bb2dfee) Importer(2089858483,0ecaa5967403d082aa24f35e1b516d23) Generated GUIDs only implemented for interfaces!
 -> (artifact id: '37a416d4e4eb9acc8bf7c795d788b4ec') in 0.025611 seconds
Number of updated asset objects reloaded before import = 0
Number of asset objects unloaded after import = 10
========================================================================
Received Import Request.
  Time since last request: 0.000013 seconds.
  path: Assets/Paro222/Underwater Effects/UnderwaterFog.mat
  artifactKey: Guid(f08f79324709258449eae88a96994eb6) Importer(2089858483,0ecaa5967403d082aa24f35e1b516d23)
Start importing Assets/Paro222/Underwater Effects/UnderwaterFog.mat using Guid(f08f79324709258449eae88a96994eb6) Importer(2089858483,0ecaa5967403d082aa24f35e1b516d23) Generated GUIDs only implemented for interfaces!
 -> (artifact id: '7cf2fff8ea0993ef3d152eca502a09ba') in 0.011476 seconds
Number of updated asset objects reloaded before import = 0
Number of asset objects unloaded after import = 2
========================================================================
Received Import Request.
  Time since last request: 0.000017 seconds.
  path: Assets/Models/Kart/kartMaterial 1.mat
  artifactKey: Guid(0a77e14ee0d56f847ae2eb63e163a7fc) Importer(2089858483,0ecaa5967403d082aa24f35e1b516d23)
Start importing Assets/Models/Kart/kartMaterial 1.mat using Guid(0a77e14ee0d56f847ae2eb63e163a7fc) Importer(2089858483,0ecaa5967403d082aa24f35e1b516d23) Generated GUIDs only implemented for interfaces!
 -> (artifact id: 'e29fc02cbfe62a5b008ff93752767c82') in 0.011531 seconds
Number of updated asset objects reloaded before import = 0
Number of asset objects unloaded after import = 2
========================================================================
Received Import Request.
  Time since last request: 0.000012 seconds.
  path: Assets/Models/FBX format/flagRed.fbx
  artifactKey: Guid(9a74a919d5fe74543b77592897851eca) Importer(2089858483,0ecaa5967403d082aa24f35e1b516d23)
Start importing Assets/Models/FBX format/flagRed.fbx using Guid(9a74a919d5fe74543b77592897851eca) Importer(2089858483,0ecaa5967403d082aa24f35e1b516d23) Generated GUIDs only implemented for interfaces!
 -> (artifact id: '87a8bdebe113351c262751ce946ca9e1') in 0.016248 seconds
Number of updated asset objects reloaded before import = 0
Number of asset objects unloaded after import = 16
========================================================================
Received Import Request.
  Time since last request: 0.000011 seconds.
  path: Assets/Models/FBX format/roadCornerLargeWallInner.fbx
  artifactKey: Guid(df4a47c3864e8c647b04d8c8308cfd9a) Importer(2089858483,0ecaa5967403d082aa24f35e1b516d23)
Start importing Assets/Models/FBX format/roadCornerLargeWallInner.fbx using Guid(df4a47c3864e8c647b04d8c8308cfd9a) Importer(2089858483,0ecaa5967403d082aa24f35e1b516d23) Generated GUIDs only implemented for interfaces!
 -> (artifact id: 'cf6dbd5e00e58e67f1caeed903acd1d7') in 0.027282 seconds
Number of updated asset objects reloaded before import = 0
Number of asset objects unloaded after import = 10
========================================================================
Received Import Request.
  Time since last request: 0.000016 seconds.
  path: Assets/Settings/Medium_PipelineAsset_ForwardRenderer.asset
  artifactKey: Guid(69181aabe1cec7e48a62570e9f22fcdb) Importer(2089858483,0ecaa5967403d082aa24f35e1b516d23)
Start importing Assets/Settings/Medium_PipelineAsset_ForwardRenderer.asset using Guid(69181aabe1cec7e48a62570e9f22fcdb) Importer(2089858483,0ecaa5967403d082aa24f35e1b516d23) Generated GUIDs only implemented for interfaces!
 -> (artifact id: '264368d6103d2694b69c9cad73a24af7') in 0.016699 seconds
Number of updated asset objects reloaded before import = 0
Number of asset objects unloaded after import = 1
========================================================================
Received Import Request.
  Time since last request: 0.000014 seconds.
  path: Assets/Models/FBX format/roadCornerSmallWall.fbx
  artifactKey: Guid(32cb4040e64527e40875e88fac04da6f) Importer(2089858483,0ecaa5967403d082aa24f35e1b516d23)
Start importing Assets/Models/FBX format/roadCornerSmallWall.fbx using Guid(32cb4040e64527e40875e88fac04da6f) Importer(2089858483,0ecaa5967403d082aa24f35e1b516d23) Generated GUIDs only implemented for interfaces!
 -> (artifact id: 'd753c8c01d241bdb7a0187dcf100f509') in 0.025868 seconds
Number of updated asset objects reloaded before import = 0
Number of asset objects unloaded after import = 9
========================================================================
Received Import Request.
  Time since last request: 0.000019 seconds.
  path: Assets/Models/FBX format/roadCornerLarge.fbx
  artifactKey: Guid(d9bd25a1aded3ef4eb5f57535d8ccfe6) Importer(2089858483,0ecaa5967403d082aa24f35e1b516d23)
Start importing Assets/Models/FBX format/roadCornerLarge.fbx using Guid(d9bd25a1aded3ef4eb5f57535d8ccfe6) Importer(2089858483,0ecaa5967403d082aa24f35e1b516d23) Generated GUIDs only implemented for interfaces!
 -> (artifact id: '450b68f1c84180caaf37757032a62938') in 0.017154 seconds
Number of updated asset objects reloaded before import = 0
Number of asset objects unloaded after import = 10
========================================================================
Received Import Request.
  Time since last request: 0.000012 seconds.
  path: Assets/Resources/DOTweenSettings.asset
  artifactKey: Guid(3cf90a2170058c3408cfebf8a0902447) Importer(2089858483,0ecaa5967403d082aa24f35e1b516d23)
Start importing Assets/Resources/DOTweenSettings.asset using Guid(3cf90a2170058c3408cfebf8a0902447) Importer(2089858483,0ecaa5967403d082aa24f35e1b516d23) Generated GUIDs only implemented for interfaces!
 -> (artifact id: '74c2fb9a6813dc580eb2d5d8b7b79dbf') in 0.009242 seconds
Number of updated asset objects reloaded before import = 0
Number of asset objects unloaded after import = 1
========================================================================
Received Import Request.
  Time since last request: 0.000021 seconds.
  path: Assets/Settings/Very High_PipelineAsset_ForwardRenderer.asset
  artifactKey: Guid(50d20e705686da943814a68507b12551) Importer(2089858483,0ecaa5967403d082aa24f35e1b516d23)
Start importing Assets/Settings/Very High_PipelineAsset_ForwardRenderer.asset using Guid(50d20e705686da943814a68507b12551) Importer(2089858483,0ecaa5967403d082aa24f35e1b516d23) Generated GUIDs only implemented for interfaces!
 -> (artifact id: '991f51bbf90bd850e413b41df209eb5b') in 0.024372 seconds
Number of updated asset objects reloaded before import = 0
Number of asset objects unloaded after import = 1
========================================================================
Received Import Request.
  Time since last request: 0.000016 seconds.
  path: Assets/Models/FBX format/roadSplitRoundLarge.fbx
  artifactKey: Guid(5522b30f892c6bf4f8ab2a433bc37cf4) Importer(2089858483,0ecaa5967403d082aa24f35e1b516d23)
Start importing Assets/Models/FBX format/roadSplitRoundLarge.fbx using Guid(5522b30f892c6bf4f8ab2a433bc37cf4) Importer(2089858483,0ecaa5967403d082aa24f35e1b516d23) Generated GUIDs only implemented for interfaces!
 -> (artifact id: '243b5b5cfc313922716db1992c7f5cdd') in 0.016508 seconds
Number of updated asset objects reloaded before import = 0
Number of asset objects unloaded after import = 10
========================================================================
Received Import Request.
  Time since last request: 0.000012 seconds.
  path: Assets/Models/FBX format/lightPostLarge.fbx
  artifactKey: Guid(ecbf65e2565eb2d4f8512cb781bf6a8d) Importer(2089858483,0ecaa5967403d082aa24f35e1b516d23)
Start importing Assets/Models/FBX format/lightPostLarge.fbx using Guid(ecbf65e2565eb2d4f8512cb781bf6a8d) Importer(2089858483,0ecaa5967403d082aa24f35e1b516d23) Generated GUIDs only implemented for interfaces!
 -> (artifact id: 'c8318aab2cb3cd5efda08ea32f2d5eb9') in 0.031202 seconds
Number of updated asset objects reloaded before import = 0
Number of asset objects unloaded after import = 10
========================================================================
Received Import Request.
  Time since last request: 0.000013 seconds.
  path: Assets/Settings/High_PipelineAsset_ForwardRenderer.asset
  artifactKey: Guid(630a9a2d2dcaee845ad841aaa7f8a632) Importer(2089858483,0ecaa5967403d082aa24f35e1b516d23)
Start importing Assets/Settings/High_PipelineAsset_ForwardRenderer.asset using Guid(630a9a2d2dcaee845ad841aaa7f8a632) Importer(2089858483,0ecaa5967403d082aa24f35e1b516d23) Generated GUIDs only implemented for interfaces!
 -> (artifact id: 'ad93912ca74f0d0ec4845d9ac893f097') in 0.011863 seconds
Number of updated asset objects reloaded before import = 0
Number of asset objects unloaded after import = 1
========================================================================
Received Import Request.
  Time since last request: 0.000011 seconds.
  path: Assets/Models/FBX format/flagCheckers.fbx
  artifactKey: Guid(ee45d1f19b391394c959a7a3a50ab17b) Importer(2089858483,0ecaa5967403d082aa24f35e1b516d23)
Start importing Assets/Models/FBX format/flagCheckers.fbx using Guid(ee45d1f19b391394c959a7a3a50ab17b) Importer(2089858483,0ecaa5967403d082aa24f35e1b516d23) Generated GUIDs only implemented for interfaces!
 -> (artifact id: 'dc9f6ceb9bf030a06b99b51e9dfe5262') in 0.017659 seconds
Number of updated asset objects reloaded before import = 0
Number of asset objects unloaded after import = 17
========================================================================
Received Import Request.
  Time since last request: 0.000013 seconds.
  path: Assets/Models/FBX format/barrierWall.fbx
  artifactKey: Guid(a00a560282928d442b217f73bd03612f) Importer(2089858483,0ecaa5967403d082aa24f35e1b516d23)
Start importing Assets/Models/FBX format/barrierWall.fbx using Guid(a00a560282928d442b217f73bd03612f) Importer(2089858483,0ecaa5967403d082aa24f35e1b516d23) Generated GUIDs only implemented for interfaces!
 -> (artifact id: 'a35d32504567ee961df262f3fcdd9fd8') in 0.025446 seconds
Number of updated asset objects reloaded before import = 0
Number of asset objects unloaded after import = 9
========================================================================
Received Import Request.
  Time since last request: 0.000012 seconds.
  path: Assets/Models/FBX format/tent.fbx
  artifactKey: Guid(d818a747d9faa4d4a8e2643248845223) Importer(2089858483,0ecaa5967403d082aa24f35e1b516d23)
Start importing Assets/Models/FBX format/tent.fbx using Guid(d818a747d9faa4d4a8e2643248845223) Importer(2089858483,0ecaa5967403d082aa24f35e1b516d23) Generated GUIDs only implemented for interfaces!
 -> (artifact id: 'e1df865df63e37fcd224983503d5969b') in 0.014501 seconds
Number of updated asset objects reloaded before import = 0
Number of asset objects unloaded after import = 9
========================================================================
Received Import Request.
  Time since last request: 0.000013 seconds.
  path: Assets/Models/FBX format/lightColored.fbx
  artifactKey: Guid(a80baf55053503e4faae580b6e99758e) Importer(2089858483,0ecaa5967403d082aa24f35e1b516d23)
Start importing Assets/Models/FBX format/lightColored.fbx using Guid(a80baf55053503e4faae580b6e99758e) Importer(2089858483,0ecaa5967403d082aa24f35e1b516d23) Generated GUIDs only implemented for interfaces!
 -> (artifact id: 'fb29edb886c068bf3bf4adea90d6fdbd') in 0.028403 seconds
Number of updated asset objects reloaded before import = 0
Number of asset objects unloaded after import = 13
========================================================================
Received Import Request.
  Time since last request: 0.000015 seconds.
  path: Assets/Models/FBX format/pitsOffice.fbx
  artifactKey: Guid(5e802be860939c94d976638c2bb7e254) Importer(2089858483,0ecaa5967403d082aa24f35e1b516d23)
Start importing Assets/Models/FBX format/pitsOffice.fbx using Guid(5e802be860939c94d976638c2bb7e254) Importer(2089858483,0ecaa5967403d082aa24f35e1b516d23) Generated GUIDs only implemented for interfaces!
 -> (artifact id: '7b9512912d6f7ccd0a834973755ba693') in 0.014966 seconds
Number of updated asset objects reloaded before import = 0
Number of asset objects unloaded after import = 11
========================================================================
Received Import Request.
  Time since last request: 21.299249 seconds.
  path: Assets/Settings/Low_PipelineAsset_ForwardRenderer.asset
  artifactKey: Guid(9ba0b14e63e1d694f844a148a0d80732) Importer(815301076,1909f56bfc062723c751e8b465ee728b)
Start importing Assets/Settings/Low_PipelineAsset_ForwardRenderer.asset using Guid(9ba0b14e63e1d694f844a148a0d80732) Importer(815301076,1909f56bfc062723c751e8b465ee728b)  -> (artifact id: '6e979453a237235432653bcc59e60fac') in 0.001418 seconds
Number of updated asset objects reloaded before import = 0
Number of asset objects unloaded after import = 1
========================================================================
Received Import Request.
  Time since last request: 0.000008 seconds.
  path: Assets/Settings/Ultra_PipelineAsset.asset
  artifactKey: Guid(011a3472d1416874aa8243c898e330bf) Importer(815301076,1909f56bfc062723c751e8b465ee728b)
Start importing Assets/Settings/Ultra_PipelineAsset.asset using Guid(011a3472d1416874aa8243c898e330bf) Importer(815301076,1909f56bfc062723c751e8b465ee728b)  -> (artifact id: 'f718cdfa87479b0eff2700d0c8d049c0') in 0.000468 seconds
Number of updated asset objects reloaded before import = 0
Number of asset objects unloaded after import = 0
========================================================================
Received Import Request.
  Time since last request: 0.000008 seconds.
  path: Assets/Settings/Very High_PipelineAsset.asset
  artifactKey: Guid(6ca71a9cdb5dd39429a29eef426c9b99) Importer(815301076,1909f56bfc062723c751e8b465ee728b)
Start importing Assets/Settings/Very High_PipelineAsset.asset using Guid(6ca71a9cdb5dd39429a29eef426c9b99) Importer(815301076,1909f56bfc062723c751e8b465ee728b)  -> (artifact id: 'af4fae1172e6729b045c6288b778abf8') in 0.001055 seconds
Number of updated asset objects reloaded before import = 0
Number of asset objects unloaded after import = 2
========================================================================
Received Import Request.
  Time since last request: 13.956919 seconds.
  path: Assets/Models/FBX format/flagGreen.fbx
  artifactKey: Guid(114b71b1ef240384baed0b3ff2dc96ce) Importer(815301076,1909f56bfc062723c751e8b465ee728b)
Start importing Assets/Models/FBX format/flagGreen.fbx using Guid(114b71b1ef240384baed0b3ff2dc96ce) Importer(815301076,1909f56bfc062723c751e8b465ee728b)  -> (artifact id: '19f3a70cec6d2bfe107774c81ac4e4af') in 0.001231 seconds
Number of updated asset objects reloaded before import = 0
Number of asset objects unloaded after import = 15
========================================================================
Received Import Request.
  Time since last request: 0.000009 seconds.
  path: Assets/Models/FBX format/roadCornerLargeWallInner.fbx
  artifactKey: Guid(df4a47c3864e8c647b04d8c8308cfd9a) Importer(815301076,1909f56bfc062723c751e8b465ee728b)
Start importing Assets/Models/FBX format/roadCornerLargeWallInner.fbx using Guid(df4a47c3864e8c647b04d8c8308cfd9a) Importer(815301076,1909f56bfc062723c751e8b465ee728b)  -> (artifact id: '7f9d610410128ccba81abc401a39c832') in 0.000968 seconds
Number of updated asset objects reloaded before import = 0
Number of asset objects unloaded after import = 9
========================================================================
Received Import Request.
  Time since last request: 0.000010 seconds.
  path: Assets/Models/FBX format/lightPostModern.fbx
  artifactKey: Guid(1c13bb4335c6e1642a16ba4c5c381d06) Importer(815301076,1909f56bfc062723c751e8b465ee728b)
Start importing Assets/Models/FBX format/lightPostModern.fbx using Guid(1c13bb4335c6e1642a16ba4c5c381d06) Importer(815301076,1909f56bfc062723c751e8b465ee728b)  -> (artifact id: '12c8ddf9f3a91b2c17a07022c5eb2e85') in 0.000847 seconds
Number of updated asset objects reloaded before import = 0
Number of asset objects unloaded after import = 8
========================================================================
Received Import Request.
  Time since last request: 0.000007 seconds.
  path: Assets/Models/FBX format/camera_exclusive.fbx
  artifactKey: Guid(11d30c9034a271e4a9bca6f1a5772203) Importer(815301076,1909f56bfc062723c751e8b465ee728b)
Start importing Assets/Models/FBX format/camera_exclusive.fbx using Guid(11d30c9034a271e4a9bca6f1a5772203) Importer(815301076,1909f56bfc062723c751e8b465ee728b)  -> (artifact id: '78d93a66cf1edadababb90bea803d1e0') in 0.000763 seconds
Number of updated asset objects reloaded before import = 0
Number of asset objects unloaded after import = 9
========================================================================
Received Import Request.
  Time since last request: 0.000006 seconds.
  path: Assets/Models/FBX format/flagRed.fbx
  artifactKey: Guid(9a74a919d5fe74543b77592897851eca) Importer(815301076,1909f56bfc062723c751e8b465ee728b)
Start importing Assets/Models/FBX format/flagRed.fbx using Guid(9a74a919d5fe74543b77592897851eca) Importer(815301076,1909f56bfc062723c751e8b465ee728b)  -> (artifact id: '6c61326d09b67eb2bb31c10777c19949') in 0.000886 seconds
Number of updated asset objects reloaded before import = 0
Number of asset objects unloaded after import = 15
========================================================================
Received Import Request.
  Time since last request: 0.000006 seconds.
  path: Assets/Models/FBX format/grandStandCovered.fbx
  artifactKey: Guid(62ab48262077d6241ba5950828ba950b) Importer(815301076,1909f56bfc062723c751e8b465ee728b)
Start importing Assets/Models/FBX format/grandStandCovered.fbx using Guid(62ab48262077d6241ba5950828ba950b) Importer(815301076,1909f56bfc062723c751e8b465ee728b)  -> (artifact id: '514458c56179feeeaf1e68f0a3a39ec5') in 0.000873 seconds
Number of updated asset objects reloaded before import = 0
Number of asset objects unloaded after import = 11
========================================================================
Received Import Request.
  Time since last request: 0.000006 seconds.
  path: Assets/Models/FBX format/ramp.fbx
  artifactKey: Guid(b5a1d60178a9b3540bead4bacc51bc3d) Importer(815301076,1909f56bfc062723c751e8b465ee728b)
Start importing Assets/Models/FBX format/ramp.fbx using Guid(b5a1d60178a9b3540bead4bacc51bc3d) Importer(815301076,1909f56bfc062723c751e8b465ee728b)  -> (artifact id: 'd7f4e4679e0e7470a438f5c117bc8ac5') in 0.000659 seconds
Number of updated asset objects reloaded before import = 0
Number of asset objects unloaded after import = 8
========================================================================
Received Import Request.
  Time since last request: 0.000005 seconds.
  path: Assets/Models/FBX format/bannerTowerRed.fbx
  artifactKey: Guid(33ab08ceaf23c364ab628cc81b89f37d) Importer(815301076,1909f56bfc062723c751e8b465ee728b)
Start importing Assets/Models/FBX format/bannerTowerRed.fbx using Guid(33ab08ceaf23c364ab628cc81b89f37d) Importer(815301076,1909f56bfc062723c751e8b465ee728b)  -> (artifact id: '8eb0ae386de3ee37151e82bd92af1d4f') in 0.000874 seconds
Number of updated asset objects reloaded before import = 0
Number of asset objects unloaded after import = 9
========================================================================
Received Import Request.
  Time since last request: 0.000007 seconds.
  path: Assets/Models/FBX format/roadSplitLarger.fbx
  artifactKey: Guid(f06e7149a47f8d247b599b81c1fdaa57) Importer(815301076,1909f56bfc062723c751e8b465ee728b)
Start importing Assets/Models/FBX format/roadSplitLarger.fbx using Guid(f06e7149a47f8d247b599b81c1fdaa57) Importer(815301076,1909f56bfc062723c751e8b465ee728b)  -> (artifact id: '3cea3d9f996ad064edf02c2a83bea641') in 0.000933 seconds
Number of updated asset objects reloaded before import = 0
Number of asset objects unloaded after import = 9
========================================================================
Received Prepare
Begin MonoManager ReloadAssembly
Symbol file LoadedFromMemory is not a mono symbol file
- Loaded All Assemblies, in  0.322 seconds
Refreshing native plugins compatible for Editor in 5.50 ms, found 2 plugins.
Native extension for UWP target not found
Native extension for WindowsStandalone target not found
Native extension for Android target not found
Mono: successfully reloaded assembly
- Finished resetting the current domain, in  0.689 seconds
Domain Reload Profiling: 1008ms
	BeginReloadAssembly (118ms)
		ExecutionOrderSort (0ms)
		DisableScriptedObjects (3ms)
		BackupInstance (0ms)
		ReleaseScriptingObjects (0ms)
		CreateAndSetChildDomain (42ms)
	RebuildCommonClasses (25ms)
	RebuildNativeTypeToScriptingClass (6ms)
	initialDomainReloadingComplete (19ms)
	LoadAllAssembliesAndSetupDomain (150ms)
		LoadAssemblies (190ms)
		RebuildTransferFunctionScriptingTraits (0ms)
		AnalyzeDomain (9ms)
			TypeCache.Refresh (4ms)
				TypeCache.ScanAssembly (0ms)
			ScanForSourceGeneratedMonoScriptInfo (0ms)
			ResolveRequiredComponents (5ms)
	FinalizeReload (689ms)
		ReleaseScriptCaches (0ms)
		RebuildScriptCaches (0ms)
		SetupLoadedEditorAssemblies (325ms)
			LogAssemblyErrors (0ms)
			InitializePlatformSupportModulesInManaged (16ms)
			SetLoadedEditorAssemblies (2ms)
			RefreshPlugins (0ms)
			BeforeProcessingInitializeOnLoad (49ms)
			ProcessInitializeOnLoadAttributes (148ms)
			ProcessInitializeOnLoadMethodAttributes (104ms)
			AfterProcessingInitializeOnLoad (6ms)
			EditorAssembliesLoaded (0ms)
		ExecutionOrderSort2 (0ms)
		AwakeInstancesAfterBackupRestoration (7ms)
Refreshing native plugins compatible for Editor in 7.14 ms, found 2 plugins.
Preloading 0 native plugins for Editor in 0.00 ms.
Unloading 4568 Unused Serialized files (Serialized files now loaded: 0)
Unloading 82 unused Assets / (1.6 MB). Loaded Objects now: 5196.
Memory consumption went from 174.3 MB to 172.6 MB.
Total: 5.192800 ms (FindLiveObjects: 0.295000 ms CreateObjectMapping: 0.066100 ms MarkObjects: 4.512300 ms  DeleteObjects: 0.319000 ms)

Prepare: number of updated asset objects reloaded= 0
AssetImportParameters requested are different than current active one (requested -> active):
  custom:container-demuxer-ogg: 62fdf1f143b41e24485cea50d1cbac27 -> 
  custom:video-decoder-ogg-theora: a1e56fd34408186e4bbccfd4996cb3dc -> 
  custom:framework-win-MediaFoundation: 216162199b28c13a410421893ffa2e32 -> 
  custom:CustomObjectIndexerAttribute: d54d2f2da18e7612c182cf67624b6b12 -> 
  custom:container-demuxer-webm: 4f35f7cbe854078d1ac9338744f61a02 -> 
  custom:container-muxer-webm: aa71ff27fc2769a1b78a27578f13a17b -> 
  custom:video-decoder-webm-vp8: 9c59270c3fd7afecdb556c50c9e8de78 -> 
  custom:SearchIndexIgnoredProperties: e643bd26f0fe6173181afceb89e7c659 -> 
  custom:AudioImporter_EditorPlatform: d09bf68614088b80899f8185d706f6e7 -> 
  custom:video-encoder-webm-vp8: eb34c28f22e8b96e1ab97ce403110664 -> 
  custom:audio-decoder-ogg-vorbis: bf7c407c2cedff20999df2af8eb42d56 -> 
  custom:audio-encoder-webm-vorbis: bf7c407c2cedff20999df2af8eb42d56 -> 
Editor requested this worker to shutdown with reason: Scaling down because of idle timeout
TcpMessagingSession - receive error: operation aborted. errorcode: 995, details: La operación de E/S se anuló por una salida de subproceso o por una solicitud de aplicación.
AssetImportWorker is now disconnected from the server
Process exiting
Exiting without the bug reporter. Application will terminate with return code 0